0 info it worked if it ends with ok
1 verbose cli [ '/home/ganesh/.nvm/versions/node/v7.0.0/bin/node',
1 verbose cli   '/home/ganesh/.nvm/versions/node/v7.0.0/bin/npm',
1 verbose cli   'run-script',
1 verbose cli   'start' ]
2 info using npm@3.10.8
3 info using node@v7.0.0
4 verbose run-script [ 'prestart', 'start', 'poststart' ]
5 info lifecycle blooddonors@1.0.0~prestart: blooddonors@1.0.0
6 silly lifecycle blooddonors@1.0.0~prestart: no script for prestart, continuing
7 info lifecycle blooddonors@1.0.0~start: blooddonors@1.0.0
8 verbose lifecycle blooddonors@1.0.0~start: unsafe-perm in lifecycle true
9 verbose lifecycle blooddonors@1.0.0~start: PATH: /home/ganesh/.nvm/versions/node/v7.0.0/lib/node_modules/npm/bin/node-gyp-bin:/home/ganesh/Projects/Angular2Practice/Project/BloodBank/Blood Donors/resserver/node_modules/.bin:/home/ganesh/.nvm/versions/node/v7.0.0/bin:/home/ganesh/bin:/usr/local/sbin:/usr/local/bin:/usr/sbin:/usr/bin:/sbin:/bin:/usr/games:/usr/local/games:/usr/lib/jvm/java-6-oracle:/opt/flapjack/bin
10 verbose lifecycle blooddonors@1.0.0~start: CWD: /home/ganesh/Projects/Angular2Practice/Project/BloodBank/Blood Donors/resserver
11 silly lifecycle blooddonors@1.0.0~start: Args: [ '-c', 'node app' ]
12 silly lifecycle blooddonors@1.0.0~start: Returned: code: 137  signal: null
13 info lifecycle blooddonors@1.0.0~start: Failed to exec start script
14 verbose stack Error: blooddonors@1.0.0 start: `node app`
14 verbose stack Exit status 137
14 verbose stack     at EventEmitter.<anonymous> (/home/ganesh/.nvm/versions/node/v7.0.0/lib/node_modules/npm/lib/utils/lifecycle.js:255:16)
14 verbose stack     at emitTwo (events.js:106:13)
14 verbose stack     at EventEmitter.emit (events.js:191:7)
14 verbose stack     at ChildProcess.<anonymous> (/home/ganesh/.nvm/versions/node/v7.0.0/lib/node_modules/npm/lib/utils/spawn.js:40:14)
14 verbose stack     at emitTwo (events.js:106:13)
14 verbose stack     at ChildProcess.emit (events.js:191:7)
14 verbose stack     at maybeClose (internal/child_process.js:877:16)
14 verbose stack     at Process.ChildProcess._handle.onexit (internal/child_process.js:226:5)
15 verbose pkgid blooddonors@1.0.0
16 verbose cwd /home/ganesh/Projects/Angular2Practice/Project/BloodBank/Blood Donors/resserver
17 error Linux 3.13.0-85-generic
18 error argv "/home/ganesh/.nvm/versions/node/v7.0.0/bin/node" "/home/ganesh/.nvm/versions/node/v7.0.0/bin/npm" "run-script" "start"
19 error node v7.0.0
20 error npm  v3.10.8
21 error code ELIFECYCLE
22 error blooddonors@1.0.0 start: `node app`
22 error Exit status 137
23 error Failed at the blooddonors@1.0.0 start script 'node app'.
23 error Make sure you have the latest version of node.js and npm installed.
23 error If you do, this is most likely a problem with the blooddonors package,
23 error not with npm itself.
23 error Tell the author that this fails on your system:
23 error     node app
23 error You can get information on how to open an issue for this project with:
23 error     npm bugs blooddonors
23 error Or if that isn't available, you can get their info via:
23 error     npm owner ls blooddonors
23 error There is likely additional logging output above.
24 verbose exit [ 1, true ]
